<?xml version="1.0" encoding="UTF-8"?>
<!-- Generated by org.testng.reporters.JUnitReportReporter -->
<testsuite hostname="DESKTOP-4A1G1BH" failures="0" tests="1" name="com.demoblaze.test.Testcase2" time="157.930" errors="0" timestamp="2023-12-20T23:49:38 IST" skipped="0">
  <testcase classname="com.demoblaze.test.Testcase2" name="browserTest" time="157.930"/>
  <system-out/>
</testsuite> <!-- com.demoblaze.test.Testcase2 -->
