<?xml version="1.0" encoding="UTF-8"?>
<!-- Generated by org.testng.reporters.JUnitReportReporter -->
<testsuite hostname="DESKTOP-4A1G1BH" failures="0" tests="1" name="com.demoblaze.test.Testcase1" time="8.339" errors="0" timestamp="2023-12-20T23:33:07 IST" skipped="0">
  <testcase classname="com.demoblaze.test.Testcase1" name="browserTest" time="8.339"/>
  <system-out/>
</testsuite> <!-- com.demoblaze.test.Testcase1 -->
